<?xml version="1.0" encoding="UTF-8"?>
<!-- Generated by org.testng.reporters.JUnitReportReporter -->
<testsuite hostname="DESKTOP-B697F0M" failures="0" tests="1" name="com.tutorialsninja.qa.testcases.testing" time="0.026" errors="0" timestamp="3 Jun 2024 12:27:21 GMT">
  <testcase classname="com.tutorialsninja.qa.testcases.testing" name="Testing1" time="0.026"/>
</testsuite> <!-- com.tutorialsninja.qa.testcases.testing -->
