<?xml version="1.0" encoding="UTF-8"?>
<!-- Generated by org.testng.reporters.JUnitReportReporter -->
<testsuite hostname="DESKTOP-B697F0M" failures="0" tests="8" name="com.tutorialsninja.qa.testcases.Login" time="196.977" errors="0" timestamp="4 Jun 2024 16:24:20 GMT">
  <testcase classname="com.tutorialsninja.qa.testcases.Login" name="verifyloginwithvalidcredentials" time="20.535"/>
  <testcase classname="com.tutorialsninja.qa.testcases.Login" name="verifyloginwithinvalidemailandvalidpassword" time="24.949"/>
  <testcase classname="com.tutorialsninja.qa.testcases.Login" name="verifyloginwithoutprovidingemailandpassword" time="26.283"/>
  <testcase classname="com.tutorialsninja.qa.testcases.Login" name="DataDrivenTest" time="22.153"/>
  <testcase classname="com.tutorialsninja.qa.testcases.Login" name="DataDrivenTest" time="30.434"/>
  <testcase classname="com.tutorialsninja.qa.testcases.Login" name="DataDrivenTest" time="25.060"/>
  <testcase classname="com.tutorialsninja.qa.testcases.Login" name="verifyloginwithvalidemailandinvalidpassword" time="22.368"/>
  <testcase classname="com.tutorialsninja.qa.testcases.Login" name="verifyloginwithinvalidcredendials" time="25.195"/>
</testsuite> <!-- com.tutorialsninja.qa.testcases.Login -->
